INFO: [VRFC 10-2263] Analyzing SystemVerilog file "D:/code_writing/ICS_2nd_semester/MIPS_Single_cycle_modified_adder2_1/MIPS_Single_cycle_modified_adder2_1.srcs/sources_1/imports/sources/Top.sv" into library xil_defaultlib
INFO: [VRFC 10-311] analyzing module Top
INFO: [VRFC 10-311] analyzing module clkdiv
INFO: [VRFC 10-2263] Analyzing SystemVerilog file "D:/code_writing/ICS_2nd_semester/MIPS_Single_cycle_modified_adder2_1/MIPS_Single_cycle_modified_adder2_1.srcs/sources_1/imports/sources/adder.sv" into library xil_defaultlib
INFO: [VRFC 10-311] analyzing module adder
INFO: [VRFC 10-2263] Analyzing SystemVerilog file "D:/code_writing/ICS_2nd_semester/MIPS_Single_cycle_modified_adder2_1/MIPS_Single_cycle_modified_adder2_1.srcs/sources_1/imports/sources/alu.sv" into library xil_defaultlib
INFO: [VRFC 10-311] analyzing module alu
INFO: [VRFC 10-2263] Analyzing SystemVerilog file "D:/code_writing/ICS_2nd_semester/MIPS_Single_cycle_modified_adder2_1/MIPS_Single_cycle_modified_adder2_1.srcs/sources_1/imports/sources/aludec.sv" into library xil_defaultlib
INFO: [VRFC 10-311] analyzing module aludec
INFO: [VRFC 10-2263] Analyzing SystemVerilog file "D:/code_writing/ICS_2nd_semester/MIPS_Single_cycle_modified_adder2_1/MIPS_Single_cycle_modified_adder2_1.srcs/sources_1/imports/sources/controller.sv" into library xil_defaultlib
INFO: [VRFC 10-311] analyzing module controller
INFO: [VRFC 10-2263] Analyzing SystemVerilog file "D:/code_writing/ICS_2nd_semester/MIPS_Single_cycle_modified_adder2_1/MIPS_Single_cycle_modified_adder2_1.srcs/sources_1/imports/sources/datapath.sv" into library xil_defaultlib
INFO: [VRFC 10-311] analyzing module datapath
INFO: [VRFC 10-2263] Analyzing SystemVerilog file "D:/code_writing/ICS_2nd_semester/MIPS_Single_cycle_modified_adder2_1/MIPS_Single_cycle_modified_adder2_1.srcs/sources_1/imports/sources/dmd.sv" into library xil_defaultlib
INFO: [VRFC 10-311] analyzing module dmd
INFO: [VRFC 10-2263] Analyzing SystemVerilog file "D:/code_writing/ICS_2nd_semester/MIPS_Single_cycle_modified_adder2_1/MIPS_Single_cycle_modified_adder2_1.srcs/sources_1/imports/sources/dmem.sv" into library xil_defaultlib
INFO: [VRFC 10-311] analyzing module dmem
INFO: [VRFC 10-2263] Analyzing SystemVerilog file "D:/code_writing/ICS_2nd_semester/MIPS_Single_cycle_modified_adder2_1/MIPS_Single_cycle_modified_adder2_1.srcs/sources_1/imports/sources/flopr.sv" into library xil_defaultlib
INFO: [VRFC 10-311] analyzing module flopr
INFO: [VRFC 10-2263] Analyzing SystemVerilog file "D:/code_writing/ICS_2nd_semester/MIPS_Single_cycle_modified_adder2_1/MIPS_Single_cycle_modified_adder2_1.srcs/sources_1/imports/sources/imem.sv" into library xil_defaultlib
INFO: [VRFC 10-311] analyzing module imem
INFO: [VRFC 10-2263] Analyzing SystemVerilog file "D:/code_writing/ICS_2nd_semester/MIPS_Single_cycle_modified_adder2_1/MIPS_Single_cycle_modified_adder2_1.srcs/sources_1/imports/sources/io.sv" into library xil_defaultlib
INFO: [VRFC 10-311] analyzing module io
INFO: [VRFC 10-2263] Analyzing SystemVerilog file "D:/code_writing/ICS_2nd_semester/MIPS_Single_cycle_modified_adder2_1/MIPS_Single_cycle_modified_adder2_1.srcs/sources_1/imports/sources/m7seg.sv" into library xil_defaultlib
INFO: [VRFC 10-311] analyzing module m7seg
INFO: [VRFC 10-311] analyzing module bit2seg
INFO: [VRFC 10-2263] Analyzing SystemVerilog file "D:/code_writing/ICS_2nd_semester/MIPS_Single_cycle_modified_adder2_1/MIPS_Single_cycle_modified_adder2_1.srcs/sources_1/imports/sources/maindec.sv" into library xil_defaultlib
INFO: [VRFC 10-311] analyzing module maindec
INFO: [VRFC 10-2263] Analyzing SystemVerilog file "D:/code_writing/ICS_2nd_semester/MIPS_Single_cycle_modified_adder2_1/MIPS_Single_cycle_modified_adder2_1.srcs/sources_1/imports/sources/mips.sv" into library xil_defaultlib
INFO: [VRFC 10-311] analyzing module mips
INFO: [VRFC 10-2263] Analyzing SystemVerilog file "D:/code_writing/ICS_2nd_semester/MIPS_Single_cycle_modified_adder2_1/MIPS_Single_cycle_modified_adder2_1.srcs/sources_1/imports/sources/mux2.sv" into library xil_defaultlib
INFO: [VRFC 10-311] analyzing module mux2
INFO: [VRFC 10-2263] Analyzing SystemVerilog file "D:/code_writing/ICS_2nd_semester/MIPS_Single_cycle_modified_adder2_1/MIPS_Single_cycle_modified_adder2_1.srcs/sources_1/imports/sources/regfile.sv" into library xil_defaultlib
INFO: [VRFC 10-311] analyzing module regfile
INFO: [VRFC 10-2263] Analyzing SystemVerilog file "D:/code_writing/ICS_2nd_semester/MIPS_Single_cycle_modified_adder2_1/MIPS_Single_cycle_modified_adder2_1.srcs/sources_1/imports/sources/signext.sv" into library xil_defaultlib
INFO: [VRFC 10-311] analyzing module signext
INFO: [VRFC 10-2263] Analyzing SystemVerilog file "D:/code_writing/ICS_2nd_semester/MIPS_Single_cycle_modified_adder2_1/MIPS_Single_cycle_modified_adder2_1.srcs/sources_1/imports/sources/sl2.sv" into library xil_defaultlib
INFO: [VRFC 10-311] analyzing module sl2
INFO: [VRFC 10-2263] Analyzing SystemVerilog file "D:/code_writing/ICS_2nd_semester/MIPS_Single_cycle_modified_adder2_1/MIPS_Single_cycle_modified_adder2_1.srcs/sources_1/imports/sources/zeroext.sv" into library xil_defaultlib
INFO: [VRFC 10-311] analyzing module zeroext
INFO: [VRFC 10-2263] Analyzing SystemVerilog file "D:/code_writing/ICS_2nd_semester/MIPS_Single_cycle_modified_adder2_1/MIPS_Single_cycle_modified_adder2_1.srcs/sim_1/imports/sim/testbench.sv" into library xil_defaultlib
INFO: [VRFC 10-311] analyzing module testbench
