
*** Running vivado
    with args -log platform.vds -m64 -product Vivado -mode batch -messageDb vivado.pb -notrace -source platform.tcl


****** Vivado v2019.2 (64-bit)
  **** SW Build 2708876 on Wed Nov  6 21:40:23 MST 2019
  **** IP Build 2700528 on Thu Nov  7 00:09:20 MST 2019
    ** Copyright 1986-2019 Xilinx, Inc. All Rights Reserved.

source platform.tcl -notrace
Command: synth_design -top platform -part xc7a100tcsg324-1
Starting synth_design
Attempting to get a license for feature 'Synthesis' and/or device 'xc7a100t'
INFO: [Common 17-349] Got license for feature 'Synthesis' and/or device 'xc7a100t'
INFO: [Device 21-403] Loading part xc7a100tcsg324-1
INFO: Launching helper process for spawning children vivado processes
INFO: Helper process launched with PID 2532 
---------------------------------------------------------------------------------
Starting RTL Elaboration : Time (s): cpu = 00:00:03 ; elapsed = 00:00:03 . Memory (MB): peak = 852.543 ; gain = 234.559
---------------------------------------------------------------------------------
INFO: [Synth 8-6157] synthesizing module 'platform' [D:/code_writing/ICS_2nd_semester/MIPS_Single_cycle_modified_adder/MIPS_Single_cycle_modified_adder.srcs/sources_1/new/platform.sv:23]
INFO: [Synth 8-6157] synthesizing module 'mips' [D:/code_writing/ICS_2nd_semester/MIPS_Single_cycle_modified_adder/MIPS_Single_cycle_modified_adder.srcs/sources_1/imports/new/mips.sv:23]
INFO: [Synth 8-6157] synthesizing module 'controller' [D:/code_writing/ICS_2nd_semester/MIPS_Single_cycle_modified_adder/MIPS_Single_cycle_modified_adder.srcs/sources_1/imports/new/controller.sv:23]
INFO: [Synth 8-6157] synthesizing module 'maindec' [D:/code_writing/ICS_2nd_semester/MIPS_Single_cycle_modified_adder/MIPS_Single_cycle_modified_adder.srcs/sources_1/imports/new/maindec.sv:23]
INFO: [Synth 8-6155] done synthesizing module 'maindec' (1#1) [D:/code_writing/ICS_2nd_semester/MIPS_Single_cycle_modified_adder/MIPS_Single_cycle_modified_adder.srcs/sources_1/imports/new/maindec.sv:23]
INFO: [Synth 8-6157] synthesizing module 'aludec' [D:/code_writing/ICS_2nd_semester/MIPS_Single_cycle_modified_adder/MIPS_Single_cycle_modified_adder.srcs/sources_1/imports/new/aludec.sv:23]
INFO: [Synth 8-6155] done synthesizing module 'aludec' (2#1) [D:/code_writing/ICS_2nd_semester/MIPS_Single_cycle_modified_adder/MIPS_Single_cycle_modified_adder.srcs/sources_1/imports/new/aludec.sv:23]
INFO: [Synth 8-6155] done synthesizing module 'controller' (3#1) [D:/code_writing/ICS_2nd_semester/MIPS_Single_cycle_modified_adder/MIPS_Single_cycle_modified_adder.srcs/sources_1/imports/new/controller.sv:23]
INFO: [Synth 8-6157] synthesizing module 'datapath' [D:/code_writing/ICS_2nd_semester/MIPS_Single_cycle_modified_adder/MIPS_Single_cycle_modified_adder.srcs/sources_1/imports/new/datapath.sv:23]
INFO: [Synth 8-6157] synthesizing module 'flopr' [D:/code_writing/ICS_2nd_semester/MIPS_Single_cycle_modified_adder/MIPS_Single_cycle_modified_adder.srcs/sources_1/imports/new/flopr.sv:23]
	Parameter WIDTH bound to: 32 - type: integer 
INFO: [Synth 8-6155] done synthesizing module 'flopr' (4#1) [D:/code_writing/ICS_2nd_semester/MIPS_Single_cycle_modified_adder/MIPS_Single_cycle_modified_adder.srcs/sources_1/imports/new/flopr.sv:23]
INFO: [Synth 8-6157] synthesizing module 'adder' [D:/code_writing/ICS_2nd_semester/MIPS_Single_cycle_modified_adder/MIPS_Single_cycle_modified_adder.srcs/sources_1/imports/new/adder.sv:23]
INFO: [Synth 8-6155] done synthesizing module 'adder' (5#1) [D:/code_writing/ICS_2nd_semester/MIPS_Single_cycle_modified_adder/MIPS_Single_cycle_modified_adder.srcs/sources_1/imports/new/adder.sv:23]
INFO: [Synth 8-6157] synthesizing module 'sl2' [D:/code_writing/ICS_2nd_semester/MIPS_Single_cycle_modified_adder/MIPS_Single_cycle_modified_adder.srcs/sources_1/imports/new/sl2.sv:23]
INFO: [Synth 8-6155] done synthesizing module 'sl2' (6#1) [D:/code_writing/ICS_2nd_semester/MIPS_Single_cycle_modified_adder/MIPS_Single_cycle_modified_adder.srcs/sources_1/imports/new/sl2.sv:23]
INFO: [Synth 8-6157] synthesizing module 'mux2' [D:/code_writing/ICS_2nd_semester/MIPS_Single_cycle_modified_adder/MIPS_Single_cycle_modified_adder.srcs/sources_1/imports/new/mux2.sv:23]
	Parameter WIDTH bound to: 32 - type: integer 
INFO: [Synth 8-6155] done synthesizing module 'mux2' (7#1) [D:/code_writing/ICS_2nd_semester/MIPS_Single_cycle_modified_adder/MIPS_Single_cycle_modified_adder.srcs/sources_1/imports/new/mux2.sv:23]
INFO: [Synth 8-6157] synthesizing module 'regfile' [D:/code_writing/ICS_2nd_semester/MIPS_Single_cycle_modified_adder/MIPS_Single_cycle_modified_adder.srcs/sources_1/imports/new/regfile.sv:23]
INFO: [Synth 8-6155] done synthesizing module 'regfile' (8#1) [D:/code_writing/ICS_2nd_semester/MIPS_Single_cycle_modified_adder/MIPS_Single_cycle_modified_adder.srcs/sources_1/imports/new/regfile.sv:23]
INFO: [Synth 8-6157] synthesizing module 'mux2__parameterized0' [D:/code_writing/ICS_2nd_semester/MIPS_Single_cycle_modified_adder/MIPS_Single_cycle_modified_adder.srcs/sources_1/imports/new/mux2.sv:23]
	Parameter WIDTH bound to: 5 - type: integer 
INFO: [Synth 8-6155] done synthesizing module 'mux2__parameterized0' (8#1) [D:/code_writing/ICS_2nd_semester/MIPS_Single_cycle_modified_adder/MIPS_Single_cycle_modified_adder.srcs/sources_1/imports/new/mux2.sv:23]
INFO: [Synth 8-6157] synthesizing module 'signext' [D:/code_writing/ICS_2nd_semester/MIPS_Single_cycle_modified_adder/MIPS_Single_cycle_modified_adder.srcs/sources_1/imports/new/signext.sv:23]
INFO: [Synth 8-6155] done synthesizing module 'signext' (9#1) [D:/code_writing/ICS_2nd_semester/MIPS_Single_cycle_modified_adder/MIPS_Single_cycle_modified_adder.srcs/sources_1/imports/new/signext.sv:23]
INFO: [Synth 8-6157] synthesizing module 'alu' [D:/code_writing/ICS_2nd_semester/MIPS_Single_cycle_modified_adder/MIPS_Single_cycle_modified_adder.srcs/sources_1/imports/new/alu.sv:23]
INFO: [Synth 8-226] default block is never used [D:/code_writing/ICS_2nd_semester/MIPS_Single_cycle_modified_adder/MIPS_Single_cycle_modified_adder.srcs/sources_1/imports/new/alu.sv:31]
INFO: [Synth 8-6155] done synthesizing module 'alu' (10#1) [D:/code_writing/ICS_2nd_semester/MIPS_Single_cycle_modified_adder/MIPS_Single_cycle_modified_adder.srcs/sources_1/imports/new/alu.sv:23]
INFO: [Synth 8-6155] done synthesizing module 'datapath' (11#1) [D:/code_writing/ICS_2nd_semester/MIPS_Single_cycle_modified_adder/MIPS_Single_cycle_modified_adder.srcs/sources_1/imports/new/datapath.sv:23]
INFO: [Synth 8-6155] done synthesizing module 'mips' (12#1) [D:/code_writing/ICS_2nd_semester/MIPS_Single_cycle_modified_adder/MIPS_Single_cycle_modified_adder.srcs/sources_1/imports/new/mips.sv:23]
INFO: [Synth 8-6157] synthesizing module 'seven_lights' [D:/code_writing/ICS_2nd_semester/MIPS_Single_cycle_modified_adder/MIPS_Single_cycle_modified_adder.srcs/sources_1/new/seven_lights.sv:23]
INFO: [Synth 8-6155] done synthesizing module 'seven_lights' (13#1) [D:/code_writing/ICS_2nd_semester/MIPS_Single_cycle_modified_adder/MIPS_Single_cycle_modified_adder.srcs/sources_1/new/seven_lights.sv:23]
WARNING: [Synth 8-3848] Net RAM[63] in module/entity platform does not have driver. [D:/code_writing/ICS_2nd_semester/MIPS_Single_cycle_modified_adder/MIPS_Single_cycle_modified_adder.srcs/sources_1/new/platform.sv:41]
WARNING: [Synth 8-3848] Net RAM[62] in module/entity platform does not have driver. [D:/code_writing/ICS_2nd_semester/MIPS_Single_cycle_modified_adder/MIPS_Single_cycle_modified_adder.srcs/sources_1/new/platform.sv:41]
WARNING: [Synth 8-3848] Net RAM[61] in module/entity platform does not have driver. [D:/code_writing/ICS_2nd_semester/MIPS_Single_cycle_modified_adder/MIPS_Single_cycle_modified_adder.srcs/sources_1/new/platform.sv:41]
WARNING: [Synth 8-3848] Net RAM[60] in module/entity platform does not have driver. [D:/code_writing/ICS_2nd_semester/MIPS_Single_cycle_modified_adder/MIPS_Single_cycle_modified_adder.srcs/sources_1/new/platform.sv:41]
WARNING: [Synth 8-3848] Net RAM[59] in module/entity platform does not have driver. [D:/code_writing/ICS_2nd_semester/MIPS_Single_cycle_modified_adder/MIPS_Single_cycle_modified_adder.srcs/sources_1/new/platform.sv:41]
WARNING: [Synth 8-3848] Net RAM[58] in module/entity platform does not have driver. [D:/code_writing/ICS_2nd_semester/MIPS_Single_cycle_modified_adder/MIPS_Single_cycle_modified_adder.srcs/sources_1/new/platform.sv:41]
WARNING: [Synth 8-3848] Net RAM[57] in module/entity platform does not have driver. [D:/code_writing/ICS_2nd_semester/MIPS_Single_cycle_modified_adder/MIPS_Single_cycle_modified_adder.srcs/sources_1/new/platform.sv:41]
WARNING: [Synth 8-3848] Net RAM[56] in module/entity platform does not have driver. [D:/code_writing/ICS_2nd_semester/MIPS_Single_cycle_modified_adder/MIPS_Single_cycle_modified_adder.srcs/sources_1/new/platform.sv:41]
WARNING: [Synth 8-3848] Net RAM[55] in module/entity platform does not have driver. [D:/code_writing/ICS_2nd_semester/MIPS_Single_cycle_modified_adder/MIPS_Single_cycle_modified_adder.srcs/sources_1/new/platform.sv:41]
WARNING: [Synth 8-3848] Net RAM[54] in module/entity platform does not have driver. [D:/code_writing/ICS_2nd_semester/MIPS_Single_cycle_modified_adder/MIPS_Single_cycle_modified_adder.srcs/sources_1/new/platform.sv:41]
WARNING: [Synth 8-3848] Net RAM[53] in module/entity platform does not have driver. [D:/code_writing/ICS_2nd_semester/MIPS_Single_cycle_modified_adder/MIPS_Single_cycle_modified_adder.srcs/sources_1/new/platform.sv:41]
WARNING: [Synth 8-3848] Net RAM[52] in module/entity platform does not have driver. [D:/code_writing/ICS_2nd_semester/MIPS_Single_cycle_modified_adder/MIPS_Single_cycle_modified_adder.srcs/sources_1/new/platform.sv:41]
WARNING: [Synth 8-3848] Net RAM[51] in module/entity platform does not have driver. [D:/code_writing/ICS_2nd_semester/MIPS_Single_cycle_modified_adder/MIPS_Single_cycle_modified_adder.srcs/sources_1/new/platform.sv:41]
WARNING: [Synth 8-3848] Net RAM[50] in module/entity platform does not have driver. [D:/code_writing/ICS_2nd_semester/MIPS_Single_cycle_modified_adder/MIPS_Single_cycle_modified_adder.srcs/sources_1/new/platform.sv:41]
WARNING: [Synth 8-3848] Net RAM[49] in module/entity platform does not have driver. [D:/code_writing/ICS_2nd_semester/MIPS_Single_cycle_modified_adder/MIPS_Single_cycle_modified_adder.srcs/sources_1/new/platform.sv:41]
WARNING: [Synth 8-3848] Net RAM[48] in module/entity platform does not have driver. [D:/code_writing/ICS_2nd_semester/MIPS_Single_cycle_modified_adder/MIPS_Single_cycle_modified_adder.srcs/sources_1/new/platform.sv:41]
WARNING: [Synth 8-3848] Net RAM[47] in module/entity platform does not have driver. [D:/code_writing/ICS_2nd_semester/MIPS_Single_cycle_modified_adder/MIPS_Single_cycle_modified_adder.srcs/sources_1/new/platform.sv:41]
WARNING: [Synth 8-3848] Net RAM[46] in module/entity platform does not have driver. [D:/code_writing/ICS_2nd_semester/MIPS_Single_cycle_modified_adder/MIPS_Single_cycle_modified_adder.srcs/sources_1/new/platform.sv:41]
WARNING: [Synth 8-3848] Net RAM[45] in module/entity platform does not have driver. [D:/code_writing/ICS_2nd_semester/MIPS_Single_cycle_modified_adder/MIPS_Single_cycle_modified_adder.srcs/sources_1/new/platform.sv:41]
WARNING: [Synth 8-3848] Net RAM[44] in module/entity platform does not have driver. [D:/code_writing/ICS_2nd_semester/MIPS_Single_cycle_modified_adder/MIPS_Single_cycle_modified_adder.srcs/sources_1/new/platform.sv:41]
WARNING: [Synth 8-3848] Net RAM[43] in module/entity platform does not have driver. [D:/code_writing/ICS_2nd_semester/MIPS_Single_cycle_modified_adder/MIPS_Single_cycle_modified_adder.srcs/sources_1/new/platform.sv:41]
WARNING: [Synth 8-3848] Net RAM[42] in module/entity platform does not have driver. [D:/code_writing/ICS_2nd_semester/MIPS_Single_cycle_modified_adder/MIPS_Single_cycle_modified_adder.srcs/sources_1/new/platform.sv:41]
WARNING: [Synth 8-3848] Net RAM[41] in module/entity platform does not have driver. [D:/code_writing/ICS_2nd_semester/MIPS_Single_cycle_modified_adder/MIPS_Single_cycle_modified_adder.srcs/sources_1/new/platform.sv:41]
WARNING: [Synth 8-3848] Net RAM[40] in module/entity platform does not have driver. [D:/code_writing/ICS_2nd_semester/MIPS_Single_cycle_modified_adder/MIPS_Single_cycle_modified_adder.srcs/sources_1/new/platform.sv:41]
WARNING: [Synth 8-3848] Net RAM[39] in module/entity platform does not have driver. [D:/code_writing/ICS_2nd_semester/MIPS_Single_cycle_modified_adder/MIPS_Single_cycle_modified_adder.srcs/sources_1/new/platform.sv:41]
WARNING: [Synth 8-3848] Net RAM[38] in module/entity platform does not have driver. [D:/code_writing/ICS_2nd_semester/MIPS_Single_cycle_modified_adder/MIPS_Single_cycle_modified_adder.srcs/sources_1/new/platform.sv:41]
WARNING: [Synth 8-3848] Net RAM[37] in module/entity platform does not have driver. [D:/code_writing/ICS_2nd_semester/MIPS_Single_cycle_modified_adder/MIPS_Single_cycle_modified_adder.srcs/sources_1/new/platform.sv:41]
WARNING: [Synth 8-3848] Net RAM[36] in module/entity platform does not have driver. [D:/code_writing/ICS_2nd_semester/MIPS_Single_cycle_modified_adder/MIPS_Single_cycle_modified_adder.srcs/sources_1/new/platform.sv:41]
WARNING: [Synth 8-3848] Net RAM[35] in module/entity platform does not have driver. [D:/code_writing/ICS_2nd_semester/MIPS_Single_cycle_modified_adder/MIPS_Single_cycle_modified_adder.srcs/sources_1/new/platform.sv:41]
WARNING: [Synth 8-3848] Net RAM[34] in module/entity platform does not have driver. [D:/code_writing/ICS_2nd_semester/MIPS_Single_cycle_modified_adder/MIPS_Single_cycle_modified_adder.srcs/sources_1/new/platform.sv:41]
WARNING: [Synth 8-3848] Net RAM[33] in module/entity platform does not have driver. [D:/code_writing/ICS_2nd_semester/MIPS_Single_cycle_modified_adder/MIPS_Single_cycle_modified_adder.srcs/sources_1/new/platform.sv:41]
WARNING: [Synth 8-3848] Net RAM[32] in module/entity platform does not have driver. [D:/code_writing/ICS_2nd_semester/MIPS_Single_cycle_modified_adder/MIPS_Single_cycle_modified_adder.srcs/sources_1/new/platform.sv:41]
WARNING: [Synth 8-3848] Net RAM[31] in module/entity platform does not have driver. [D:/code_writing/ICS_2nd_semester/MIPS_Single_cycle_modified_adder/MIPS_Single_cycle_modified_adder.srcs/sources_1/new/platform.sv:41]
WARNING: [Synth 8-3848] Net RAM[30] in module/entity platform does not have driver. [D:/code_writing/ICS_2nd_semester/MIPS_Single_cycle_modified_adder/MIPS_Single_cycle_modified_adder.srcs/sources_1/new/platform.sv:41]
WARNING: [Synth 8-3848] Net RAM[29] in module/entity platform does not have driver. [D:/code_writing/ICS_2nd_semester/MIPS_Single_cycle_modified_adder/MIPS_Single_cycle_modified_adder.srcs/sources_1/new/platform.sv:41]
WARNING: [Synth 8-3848] Net RAM[28] in module/entity platform does not have driver. [D:/code_writing/ICS_2nd_semester/MIPS_Single_cycle_modified_adder/MIPS_Single_cycle_modified_adder.srcs/sources_1/new/platform.sv:41]
WARNING: [Synth 8-3848] Net RAM[27] in module/entity platform does not have driver. [D:/code_writing/ICS_2nd_semester/MIPS_Single_cycle_modified_adder/MIPS_Single_cycle_modified_adder.srcs/sources_1/new/platform.sv:41]
WARNING: [Synth 8-3848] Net RAM[26] in module/entity platform does not have driver. [D:/code_writing/ICS_2nd_semester/MIPS_Single_cycle_modified_adder/MIPS_Single_cycle_modified_adder.srcs/sources_1/new/platform.sv:41]
WARNING: [Synth 8-3848] Net RAM[25] in module/entity platform does not have driver. [D:/code_writing/ICS_2nd_semester/MIPS_Single_cycle_modified_adder/MIPS_Single_cycle_modified_adder.srcs/sources_1/new/platform.sv:41]
WARNING: [Synth 8-3848] Net RAM[24] in module/entity platform does not have driver. [D:/code_writing/ICS_2nd_semester/MIPS_Single_cycle_modified_adder/MIPS_Single_cycle_modified_adder.srcs/sources_1/new/platform.sv:41]
WARNING: [Synth 8-3848] Net RAM[23] in module/entity platform does not have driver. [D:/code_writing/ICS_2nd_semester/MIPS_Single_cycle_modified_adder/MIPS_Single_cycle_modified_adder.srcs/sources_1/new/platform.sv:41]
WARNING: [Synth 8-3848] Net RAM[22] in module/entity platform does not have driver. [D:/code_writing/ICS_2nd_semester/MIPS_Single_cycle_modified_adder/MIPS_Single_cycle_modified_adder.srcs/sources_1/new/platform.sv:41]
WARNING: [Synth 8-3848] Net RAM[21] in module/entity platform does not have driver. [D:/code_writing/ICS_2nd_semester/MIPS_Single_cycle_modified_adder/MIPS_Single_cycle_modified_adder.srcs/sources_1/new/platform.sv:41]
WARNING: [Synth 8-3848] Net RAM[20] in module/entity platform does not have driver. [D:/code_writing/ICS_2nd_semester/MIPS_Single_cycle_modified_adder/MIPS_Single_cycle_modified_adder.srcs/sources_1/new/platform.sv:41]
WARNING: [Synth 8-3848] Net RAM[19] in module/entity platform does not have driver. [D:/code_writing/ICS_2nd_semester/MIPS_Single_cycle_modified_adder/MIPS_Single_cycle_modified_adder.srcs/sources_1/new/platform.sv:41]
WARNING: [Synth 8-3848] Net RAM[18] in module/entity platform does not have driver. [D:/code_writing/ICS_2nd_semester/MIPS_Single_cycle_modified_adder/MIPS_Single_cycle_modified_adder.srcs/sources_1/new/platform.sv:41]
WARNING: [Synth 8-3848] Net RAM[17] in module/entity platform does not have driver. [D:/code_writing/ICS_2nd_semester/MIPS_Single_cycle_modified_adder/MIPS_Single_cycle_modified_adder.srcs/sources_1/new/platform.sv:41]
WARNING: [Synth 8-3848] Net RAM[16] in module/entity platform does not have driver. [D:/code_writing/ICS_2nd_semester/MIPS_Single_cycle_modified_adder/MIPS_Single_cycle_modified_adder.srcs/sources_1/new/platform.sv:41]
WARNING: [Synth 8-3848] Net RAM[15] in module/entity platform does not have driver. [D:/code_writing/ICS_2nd_semester/MIPS_Single_cycle_modified_adder/MIPS_Single_cycle_modified_adder.srcs/sources_1/new/platform.sv:41]
WARNING: [Synth 8-3848] Net RAM[14] in module/entity platform does not have driver. [D:/code_writing/ICS_2nd_semester/MIPS_Single_cycle_modified_adder/MIPS_Single_cycle_modified_adder.srcs/sources_1/new/platform.sv:41]
WARNING: [Synth 8-3848] Net RAM[13] in module/entity platform does not have driver. [D:/code_writing/ICS_2nd_semester/MIPS_Single_cycle_modified_adder/MIPS_Single_cycle_modified_adder.srcs/sources_1/new/platform.sv:41]
WARNING: [Synth 8-3848] Net RAM[12] in module/entity platform does not have driver. [D:/code_writing/ICS_2nd_semester/MIPS_Single_cycle_modified_adder/MIPS_Single_cycle_modified_adder.srcs/sources_1/new/platform.sv:41]
WARNING: [Synth 8-3848] Net RAM[11] in module/entity platform does not have driver. [D:/code_writing/ICS_2nd_semester/MIPS_Single_cycle_modified_adder/MIPS_Single_cycle_modified_adder.srcs/sources_1/new/platform.sv:41]
WARNING: [Synth 8-3848] Net RAM[10] in module/entity platform does not have driver. [D:/code_writing/ICS_2nd_semester/MIPS_Single_cycle_modified_adder/MIPS_Single_cycle_modified_adder.srcs/sources_1/new/platform.sv:41]
WARNING: [Synth 8-3848] Net RAM[9] in module/entity platform does not have driver. [D:/code_writing/ICS_2nd_semester/MIPS_Single_cycle_modified_adder/MIPS_Single_cycle_modified_adder.srcs/sources_1/new/platform.sv:41]
WARNING: [Synth 8-3848] Net RAM[8] in module/entity platform does not have driver. [D:/code_writing/ICS_2nd_semester/MIPS_Single_cycle_modified_adder/MIPS_Single_cycle_modified_adder.srcs/sources_1/new/platform.sv:41]
WARNING: [Synth 8-3848] Net RAM[7] in module/entity platform does not have driver. [D:/code_writing/ICS_2nd_semester/MIPS_Single_cycle_modified_adder/MIPS_Single_cycle_modified_adder.srcs/sources_1/new/platform.sv:41]
WARNING: [Synth 8-3848] Net RAM[6] in module/entity platform does not have driver. [D:/code_writing/ICS_2nd_semester/MIPS_Single_cycle_modified_adder/MIPS_Single_cycle_modified_adder.srcs/sources_1/new/platform.sv:41]
WARNING: [Synth 8-3848] Net RAM[5] in module/entity platform does not have driver. [D:/code_writing/ICS_2nd_semester/MIPS_Single_cycle_modified_adder/MIPS_Single_cycle_modified_adder.srcs/sources_1/new/platform.sv:41]
WARNING: [Synth 8-3848] Net RAM[4] in module/entity platform does not have driver. [D:/code_writing/ICS_2nd_semester/MIPS_Single_cycle_modified_adder/MIPS_Single_cycle_modified_adder.srcs/sources_1/new/platform.sv:41]
WARNING: [Synth 8-3848] Net readdata in module/entity platform does not have driver. [D:/code_writing/ICS_2nd_semester/MIPS_Single_cycle_modified_adder/MIPS_Single_cycle_modified_adder.srcs/sources_1/new/platform.sv:48]
INFO: [Synth 8-6155] done synthesizing module 'platform' (14#1) [D:/code_writing/ICS_2nd_semester/MIPS_Single_cycle_modified_adder/MIPS_Single_cycle_modified_adder.srcs/sources_1/new/platform.sv:23]
WARNING: [Synth 8-3331] design sl2 has unconnected port a[31]
WARNING: [Synth 8-3331] design sl2 has unconnected port a[30]
WARNING: [Synth 8-3331] design datapath has unconnected port instr[31]
WARNING: [Synth 8-3331] design datapath has unconnected port instr[30]
WARNING: [Synth 8-3331] design datapath has unconnected port instr[29]
WARNING: [Synth 8-3331] design datapath has unconnected port instr[28]
WARNING: [Synth 8-3331] design datapath has unconnected port instr[27]
WARNING: [Synth 8-3331] design datapath has unconnected port instr[26]
---------------------------------------------------------------------------------
Finished RTL Elaboration : Time (s): cpu = 00:00:04 ; elapsed = 00:00:04 . Memory (MB): peak = 924.883 ; gain = 306.898
---------------------------------------------------------------------------------

Report Check Netlist: 
+------+------------------+-------+---------+-------+------------------+
|      |Item              |Errors |Warnings |Status |Description       |
+------+------------------+-------+---------+-------+------------------+
|1     |multi_driven_nets |      0|        0|Passed |Multi driven nets |
+------+------------------+-------+---------+-------+------------------+
---------------------------------------------------------------------------------
Start Handling Custom Attributes
---------------------------------------------------------------------------------
---------------------------------------------------------------------------------
Finished Handling Custom Attributes : Time (s): cpu = 00:00:04 ; elapsed = 00:00:04 . Memory (MB): peak = 925.078 ; gain = 307.094
---------------------------------------------------------------------------------
---------------------------------------------------------------------------------
Finished RTL Optimization Phase 1 : Time (s): cpu = 00:00:04 ; elapsed = 00:00:04 . Memory (MB): peak = 925.078 ; gain = 307.094
---------------------------------------------------------------------------------
Netlist sorting complete. Time (s): cpu = 00:00:00 ; elapsed = 00:00:00.013 . Memory (MB): peak = 925.078 ; gain = 0.000
INFO: [Project 1-570] Preparing netlist for logic optimization

Processing XDC Constraints
Initializing timing engine
Parsing XDC File [D:/code_writing/ICS_2nd_semester/MIPS_Single_cycle_modified_adder/MIPS_Single_cycle_modified_adder.srcs/constrs_1/imports/vivado_projects/Nexys4DDRHEX.xdc]
Finished Parsing XDC File [D:/code_writing/ICS_2nd_semester/MIPS_Single_cycle_modified_adder/MIPS_Single_cycle_modified_adder.srcs/constrs_1/imports/vivado_projects/Nexys4DDRHEX.xdc]
INFO: [Project 1-236] Implementation specific constraints were found while reading constraint file [D:/code_writing/ICS_2nd_semester/MIPS_Single_cycle_modified_adder/MIPS_Single_cycle_modified_adder.srcs/constrs_1/imports/vivado_projects/Nexys4DDRHEX.xdc]. These constraints will be ignored for synthesis but will be used in implementation. Impacted constraints are listed in the file [.Xil/platform_propImpl.xdc].
Resolution: To avoid this warning, move constraints listed in [.Xil/platform_propImpl.xdc] to another XDC file and exclude this new file from synthesis with the used_in_synthesis property (File Properties dialog in GUI) and re-run elaboration/synthesis.
Completed Processing XDC Constraints

Netlist sorting complete. Time (s): cpu = 00:00:00 ; elapsed = 00:00:00 . Memory (MB): peak = 1009.250 ; gain = 0.000
INFO: [Project 1-111] Unisim Transformation Summary:
No Unisim elements were transformed.

Constraint Validation Runtime : Time (s): cpu = 00:00:00 ; elapsed = 00:00:00.001 . Memory (MB): peak = 1009.250 ; gain = 0.000
---------------------------------------------------------------------------------
Finished Constraint Validation : Time (s): cpu = 00:00:08 ; elapsed = 00:00:08 . Memory (MB): peak = 1009.250 ; gain = 391.266
---------------------------------------------------------------------------------
---------------------------------------------------------------------------------
Start Loading Part and Timing Information
---------------------------------------------------------------------------------
Loading part: xc7a100tcsg324-1
---------------------------------------------------------------------------------
Finished Loading Part and Timing Information : Time (s): cpu = 00:00:08 ; elapsed = 00:00:08 . Memory (MB): peak = 1009.250 ; gain = 391.266
---------------------------------------------------------------------------------
---------------------------------------------------------------------------------
Start Applying 'set_property' XDC Constraints
---------------------------------------------------------------------------------
---------------------------------------------------------------------------------
Finished applying 'set_property' XDC Constraints : Time (s): cpu = 00:00:08 ; elapsed = 00:00:08 . Memory (MB): peak = 1009.250 ; gain = 391.266
---------------------------------------------------------------------------------
WARNING: [Synth 8-327] inferring latch for variable 'sum_reg' [D:/code_writing/ICS_2nd_semester/MIPS_Single_cycle_modified_adder/MIPS_Single_cycle_modified_adder.srcs/sources_1/new/platform.sv:56]
---------------------------------------------------------------------------------
Finished RTL Optimization Phase 2 : Time (s): cpu = 00:00:09 ; elapsed = 00:00:09 . Memory (MB): peak = 1009.250 ; gain = 391.266
---------------------------------------------------------------------------------

Report RTL Partitions: 
+-+--------------+------------+----------+
| |RTL Partition |Replication |Instances |
+-+--------------+------------+----------+
+-+--------------+------------+----------+
---------------------------------------------------------------------------------
Start RTL Component Statistics 
---------------------------------------------------------------------------------
Detailed RTL Component Info : 
+---Adders : 
	   2 Input     32 Bit       Adders := 3     
	   3 Input     32 Bit       Adders := 1     
	   2 Input      3 Bit       Adders := 1     
+---Registers : 
	               32 Bit    Registers := 1     
	                8 Bit    Registers := 1     
	                7 Bit    Registers := 1     
	                3 Bit    Registers := 1     
	                1 Bit    Registers := 1     
+---Muxes : 
	   2 Input     32 Bit        Muxes := 6     
	   8 Input      8 Bit        Muxes := 1     
	   7 Input      7 Bit        Muxes := 1     
	   2 Input      5 Bit        Muxes := 1     
	   8 Input      3 Bit        Muxes := 1     
---------------------------------------------------------------------------------
Finished RTL Component Statistics 
---------------------------------------------------------------------------------
---------------------------------------------------------------------------------
Start RTL Hierarchical Component Statistics 
---------------------------------------------------------------------------------
Hierarchical RTL Component report 
Module platform 
Detailed RTL Component Info : 
+---Adders : 
	   2 Input      3 Bit       Adders := 1     
+---Registers : 
	                8 Bit    Registers := 1     
	                7 Bit    Registers := 1     
	                3 Bit    Registers := 1     
	                1 Bit    Registers := 1     
+---Muxes : 
	   8 Input      8 Bit        Muxes := 1     
Module maindec 
Detailed RTL Component Info : 
+---Muxes : 
	   7 Input      7 Bit        Muxes := 1     
Module aludec 
Detailed RTL Component Info : 
+---Muxes : 
	   8 Input      3 Bit        Muxes := 1     
Module flopr 
Detailed RTL Component Info : 
+---Registers : 
	               32 Bit    Registers := 1     
Module adder 
Detailed RTL Component Info : 
+---Adders : 
	   2 Input     32 Bit       Adders := 1     
Module mux2 
Detailed RTL Component Info : 
+---Muxes : 
	   2 Input     32 Bit        Muxes := 1     
Module regfile 
Detailed RTL Component Info : 
+---Muxes : 
	   2 Input     32 Bit        Muxes := 2     
Module mux2__parameterized0 
Detailed RTL Component Info : 
+---Muxes : 
	   2 Input      5 Bit        Muxes := 1     
Module alu 
Detailed RTL Component Info : 
+---Adders : 
	   2 Input     32 Bit       Adders := 1     
	   3 Input     32 Bit       Adders := 1     
---------------------------------------------------------------------------------
Finished RTL Hierarchical Component Statistics
---------------------------------------------------------------------------------
---------------------------------------------------------------------------------
Start Part Resource Summary
---------------------------------------------------------------------------------
Part Resources:
DSPs: 240 (col length:80)
BRAMs: 270 (col length: RAMB18 80 RAMB36 40)
---------------------------------------------------------------------------------
Finished Part Resource Summary
---------------------------------------------------------------------------------
---------------------------------------------------------------------------------
Start Cross Boundary and Area Optimization
---------------------------------------------------------------------------------
Warning: Parallel synthesis criteria is not met 
---------------------------------------------------------------------------------
Finished Cross Boundary and Area Optimization : Time (s): cpu = 00:00:16 ; elapsed = 00:00:17 . Memory (MB): peak = 1051.871 ; gain = 433.887
---------------------------------------------------------------------------------
---------------------------------------------------------------------------------
Start ROM, RAM, DSP and Shift Register Reporting
---------------------------------------------------------------------------------

Distributed RAM: Preliminary Mapping	Report (see note below)
+------------+-------------------+-----------+----------------------+--------------+
|Module Name | RTL Object        | Inference | Size (Depth x Width) | Primitives   | 
+------------+-------------------+-----------+----------------------+--------------+
|platform    | mips/dp/rf/rf_reg | Implied   | 32 x 32              | RAM32M x 12	 | 
+------------+-------------------+-----------+----------------------+--------------+

Note: The table above is a preliminary report that shows the Distributed RAMs at the current stage of the synthesis flow. Some Distributed RAMs may be reimplemented as non Distributed RAM primitives later in the synthesis flow. Multiple instantiated RAMs are reported only once.
---------------------------------------------------------------------------------
Finished ROM, RAM, DSP and Shift Register Reporting
---------------------------------------------------------------------------------

Report RTL Partitions: 
+-+--------------+------------+----------+
| |RTL Partition |Replication |Instances |
+-+--------------+------------+----------+
+-+--------------+------------+----------+
---------------------------------------------------------------------------------
Start Applying XDC Timing Constraints
---------------------------------------------------------------------------------
---------------------------------------------------------------------------------
Finished Applying XDC Timing Constraints : Time (s): cpu = 00:00:22 ; elapsed = 00:00:22 . Memory (MB): peak = 1052.145 ; gain = 434.160
---------------------------------------------------------------------------------
---------------------------------------------------------------------------------
Start Timing Optimization
---------------------------------------------------------------------------------
---------------------------------------------------------------------------------
Finished Timing Optimization : Time (s): cpu = 00:00:24 ; elapsed = 00:00:24 . Memory (MB): peak = 1113.930 ; gain = 495.945
---------------------------------------------------------------------------------
---------------------------------------------------------------------------------
Start ROM, RAM, DSP and Shift Register Reporting
---------------------------------------------------------------------------------

Distributed RAM: Final Mapping	Report
+------------+-------------------+-----------+----------------------+--------------+
|Module Name | RTL Object        | Inference | Size (Depth x Width) | Primitives   | 
+------------+-------------------+-----------+----------------------+--------------+
|platform    | mips/dp/rf/rf_reg | Implied   | 32 x 32              | RAM32M x 12	 | 
+------------+-------------------+-----------+----------------------+--------------+

---------------------------------------------------------------------------------
Finished ROM, RAM, DSP and Shift Register Reporting
---------------------------------------------------------------------------------

Report RTL Partitions: 
+-+--------------+------------+----------+
| |RTL Partition |Replication |Instances |
+-+--------------+------------+----------+
+-+--------------+------------+----------+
---------------------------------------------------------------------------------
Start Technology Mapping
---------------------------------------------------------------------------------
---------------------------------------------------------------------------------
Finished Technology Mapping : Time (s): cpu = 00:00:24 ; elapsed = 00:00:24 . Memory (MB): peak = 1113.930 ; gain = 495.945
---------------------------------------------------------------------------------

Report RTL Partitions: 
+-+--------------+------------+----------+
| |RTL Partition |Replication |Instances |
+-+--------------+------------+----------+
+-+--------------+------------+----------+
---------------------------------------------------------------------------------
Start IO Insertion
---------------------------------------------------------------------------------
---------------------------------------------------------------------------------
Start Flattening Before IO Insertion
---------------------------------------------------------------------------------
---------------------------------------------------------------------------------
Finished Flattening Before IO Insertion
---------------------------------------------------------------------------------
---------------------------------------------------------------------------------
Start Final Netlist Cleanup
---------------------------------------------------------------------------------
---------------------------------------------------------------------------------
Finished Final Netlist Cleanup
---------------------------------------------------------------------------------
---------------------------------------------------------------------------------
Finished IO Insertion : Time (s): cpu = 00:00:27 ; elapsed = 00:00:27 . Memory (MB): peak = 1119.539 ; gain = 501.555
---------------------------------------------------------------------------------
---------------------------------------------------------------------------------
Start Renaming Generated Instances
---------------------------------------------------------------------------------
---------------------------------------------------------------------------------
Finished Renaming Generated Instances : Time (s): cpu = 00:00:27 ; elapsed = 00:00:27 . Memory (MB): peak = 1119.539 ; gain = 501.555
---------------------------------------------------------------------------------

Report RTL Partitions: 
+-+--------------+------------+----------+
| |RTL Partition |Replication |Instances |
+-+--------------+------------+----------+
+-+--------------+------------+----------+

Report Check Netlist: 
+------+------------------+-------+---------+-------+------------------+
|      |Item              |Errors |Warnings |Status |Description       |
+------+------------------+-------+---------+-------+------------------+
|1     |multi_driven_nets |      0|        0|Passed |Multi driven nets |
+------+------------------+-------+---------+-------+------------------+
---------------------------------------------------------------------------------
Start Rebuilding User Hierarchy
---------------------------------------------------------------------------------
---------------------------------------------------------------------------------
Finished Rebuilding User Hierarchy : Time (s): cpu = 00:00:27 ; elapsed = 00:00:27 . Memory (MB): peak = 1119.539 ; gain = 501.555
---------------------------------------------------------------------------------
---------------------------------------------------------------------------------
Start Renaming Generated Ports
---------------------------------------------------------------------------------
---------------------------------------------------------------------------------
Finished Renaming Generated Ports : Time (s): cpu = 00:00:27 ; elapsed = 00:00:27 . Memory (MB): peak = 1119.539 ; gain = 501.555
---------------------------------------------------------------------------------
---------------------------------------------------------------------------------
Start Handling Custom Attributes
---------------------------------------------------------------------------------
---------------------------------------------------------------------------------
Finished Handling Custom Attributes : Time (s): cpu = 00:00:27 ; elapsed = 00:00:27 . Memory (MB): peak = 1119.539 ; gain = 501.555
---------------------------------------------------------------------------------
---------------------------------------------------------------------------------
Start Renaming Generated Nets
---------------------------------------------------------------------------------
---------------------------------------------------------------------------------
Finished Renaming Generated Nets : Time (s): cpu = 00:00:27 ; elapsed = 00:00:27 . Memory (MB): peak = 1119.539 ; gain = 501.555
---------------------------------------------------------------------------------
---------------------------------------------------------------------------------
Start Writing Synthesis Report
---------------------------------------------------------------------------------

Report BlackBoxes: 
+-+--------------+----------+
| |BlackBox name |Instances |
+-+--------------+----------+
+-+--------------+----------+

Report Cell Usage: 
+------+-------+------+
|      |Cell   |Count |
+------+-------+------+
|1     |BUFG   |     2|
|2     |CARRY4 |    26|
|3     |LUT1   |    10|
|4     |LUT2   |    89|
|5     |LUT3   |     1|
|6     |LUT4   |    53|
|7     |LUT5   |    49|
|8     |LUT6   |   174|
|9     |MUXF7  |     4|
|10    |MUXF8  |     1|
|11    |RAM32M |    12|
|12    |FDCE   |     7|
|13    |FDRE   |    11|
|14    |FDSE   |     8|
|15    |LD     |     8|
|16    |IBUF   |    15|
|17    |OBUF   |    15|
+------+-------+------+

Report Instance Areas: 
+------+------------+---------+------+
|      |Instance    |Module   |Cells |
+------+------------+---------+------+
|1     |top         |         |   485|
|2     |  mips      |mips     |   317|
|3     |    dp      |datapath |   317|
|4     |      alu   |alu      |    21|
|5     |      pcreg |flopr    |   143|
|6     |      rf    |regfile  |   153|
+------+------------+---------+------+
---------------------------------------------------------------------------------
Finished Writing Synthesis Report : Time (s): cpu = 00:00:27 ; elapsed = 00:00:27 . Memory (MB): peak = 1119.539 ; gain = 501.555
---------------------------------------------------------------------------------
Synthesis finished with 0 errors, 0 critical warnings and 1 warnings.
Synthesis Optimization Runtime : Time (s): cpu = 00:00:21 ; elapsed = 00:00:26 . Memory (MB): peak = 1119.539 ; gain = 417.383
Synthesis Optimization Complete : Time (s): cpu = 00:00:27 ; elapsed = 00:00:27 . Memory (MB): peak = 1119.539 ; gain = 501.555
INFO: [Project 1-571] Translating synthesized netlist
Netlist sorting complete. Time (s): cpu = 00:00:00 ; elapsed = 00:00:00.009 . Memory (MB): peak = 1130.578 ; gain = 0.000
INFO: [Netlist 29-17] Analyzing 51 Unisim elements for replacement
INFO: [Netlist 29-28] Unisim Transformation completed in 0 CPU seconds
INFO: [Project 1-570] Preparing netlist for logic optimization
INFO: [Opt 31-138] Pushed 0 inverter(s) to 0 load pin(s).
Netlist sorting complete. Time (s): cpu = 00:00:00 ; elapsed = 00:00:00 . Memory (MB): peak = 1130.578 ; gain = 0.000
INFO: [Project 1-111] Unisim Transformation Summary:
  A total of 20 instances were transformed.
  LD => LDCE: 8 instances
  RAM32M => RAM32M (RAMD32(x6), RAMS32(x2)): 12 instances

INFO: [Common 17-83] Releasing license: Synthesis
43 Infos, 70 Warnings, 0 Critical Warnings and 0 Errors encountered.
synth_design completed successfully
synth_design: Time (s): cpu = 00:00:31 ; elapsed = 00:00:31 . Memory (MB): peak = 1130.578 ; gain = 825.398
Netlist sorting complete. Time (s): cpu = 00:00:00 ; elapsed = 00:00:00 . Memory (MB): peak = 1130.578 ; gain = 0.000
WARNING: [Constraints 18-5210] No constraints selected for write.
Resolution: This message can indicate that there are no constraints for the design, or it can indicate that the used_in flags are set such that the constraints are ignored. This later case is used when running synth_design to not write synthesis constraints to the resulting checkpoint. Instead, project constraints are read when the synthesized design is opened.
INFO: [Common 17-1381] The checkpoint 'D:/code_writing/ICS_2nd_semester/MIPS_Single_cycle_modified_adder/MIPS_Single_cycle_modified_adder.runs/synth_1/platform.dcp' has been generated.
INFO: [runtcl-4] Executing : report_utilization -file platform_utilization_synth.rpt -pb platform_utilization_synth.pb
INFO: [Common 17-206] Exiting Vivado at Sun Mar  5 21:38:33 2023...
