
*** Running vivado
    with args -log mips.vds -m64 -product Vivado -mode batch -messageDb vivado.pb -notrace -source mips.tcl


****** Vivado v2019.2 (64-bit)
  **** SW Build 2708876 on Wed Nov  6 21:40:23 MST 2019
  **** IP Build 2700528 on Thu Nov  7 00:09:20 MST 2019
    ** Copyright 1986-2019 Xilinx, Inc. All Rights Reserved.

source mips.tcl -notrace
Command: synth_design -top mips -part xc7a100tcsg324-1
Starting synth_design
Attempting to get a license for feature 'Synthesis' and/or device 'xc7a100t'
INFO: [Common 17-349] Got license for feature 'Synthesis' and/or device 'xc7a100t'
INFO: Launching helper process for spawning children vivado processes
INFO: Helper process launched with PID 20608 
---------------------------------------------------------------------------------
Starting Synthesize : Time (s): cpu = 00:00:03 ; elapsed = 00:00:03 . Memory (MB): peak = 573.312 ; gain = 242.023
---------------------------------------------------------------------------------
INFO: [Synth 8-6157] synthesizing module 'mips' [D:/code_writing/ICS_2nd_semester/MIPS_Sinlge_cycle/MIPS_Sinlge_cycle.srcs/sources_1/new/mips.sv:23]
INFO: [Synth 8-6157] synthesizing module 'controller' [D:/code_writing/ICS_2nd_semester/MIPS_Sinlge_cycle/MIPS_Sinlge_cycle.srcs/sources_1/new/controller.sv:23]
INFO: [Synth 8-6157] synthesizing module 'maindec' [D:/code_writing/ICS_2nd_semester/MIPS_Sinlge_cycle/MIPS_Sinlge_cycle.srcs/sources_1/new/maindec.sv:23]
INFO: [Synth 8-6155] done synthesizing module 'maindec' (1#1) [D:/code_writing/ICS_2nd_semester/MIPS_Sinlge_cycle/MIPS_Sinlge_cycle.srcs/sources_1/new/maindec.sv:23]
INFO: [Synth 8-6157] synthesizing module 'aludec' [D:/code_writing/ICS_2nd_semester/MIPS_Sinlge_cycle/MIPS_Sinlge_cycle.srcs/sources_1/new/aludec.sv:23]
INFO: [Synth 8-6155] done synthesizing module 'aludec' (2#1) [D:/code_writing/ICS_2nd_semester/MIPS_Sinlge_cycle/MIPS_Sinlge_cycle.srcs/sources_1/new/aludec.sv:23]
INFO: [Synth 8-6155] done synthesizing module 'controller' (3#1) [D:/code_writing/ICS_2nd_semester/MIPS_Sinlge_cycle/MIPS_Sinlge_cycle.srcs/sources_1/new/controller.sv:23]
INFO: [Synth 8-6157] synthesizing module 'datapath' [D:/code_writing/ICS_2nd_semester/MIPS_Sinlge_cycle/MIPS_Sinlge_cycle.srcs/sources_1/new/datapath.sv:23]
INFO: [Synth 8-6157] synthesizing module 'flopr' [D:/code_writing/ICS_2nd_semester/MIPS_Sinlge_cycle/MIPS_Sinlge_cycle.srcs/sources_1/new/flopr.sv:23]
	Parameter WIDTH bound to: 32 - type: integer 
INFO: [Synth 8-6155] done synthesizing module 'flopr' (4#1) [D:/code_writing/ICS_2nd_semester/MIPS_Sinlge_cycle/MIPS_Sinlge_cycle.srcs/sources_1/new/flopr.sv:23]
INFO: [Synth 8-6157] synthesizing module 'adder' [D:/code_writing/ICS_2nd_semester/MIPS_Sinlge_cycle/MIPS_Sinlge_cycle.srcs/sources_1/new/adder.sv:23]
INFO: [Synth 8-6155] done synthesizing module 'adder' (5#1) [D:/code_writing/ICS_2nd_semester/MIPS_Sinlge_cycle/MIPS_Sinlge_cycle.srcs/sources_1/new/adder.sv:23]
INFO: [Synth 8-6157] synthesizing module 'sl2' [D:/code_writing/ICS_2nd_semester/MIPS_Sinlge_cycle/MIPS_Sinlge_cycle.srcs/sources_1/new/sl2.sv:23]
INFO: [Synth 8-6155] done synthesizing module 'sl2' (6#1) [D:/code_writing/ICS_2nd_semester/MIPS_Sinlge_cycle/MIPS_Sinlge_cycle.srcs/sources_1/new/sl2.sv:23]
INFO: [Synth 8-6157] synthesizing module 'mux2' [D:/code_writing/ICS_2nd_semester/MIPS_Sinlge_cycle/MIPS_Sinlge_cycle.srcs/sources_1/new/mux2.sv:23]
	Parameter WIDTH bound to: 32 - type: integer 
INFO: [Synth 8-6155] done synthesizing module 'mux2' (7#1) [D:/code_writing/ICS_2nd_semester/MIPS_Sinlge_cycle/MIPS_Sinlge_cycle.srcs/sources_1/new/mux2.sv:23]
INFO: [Synth 8-6157] synthesizing module 'regfile' [D:/code_writing/ICS_2nd_semester/MIPS_Sinlge_cycle/MIPS_Sinlge_cycle.srcs/sources_1/new/regfile.sv:23]
INFO: [Synth 8-6155] done synthesizing module 'regfile' (8#1) [D:/code_writing/ICS_2nd_semester/MIPS_Sinlge_cycle/MIPS_Sinlge_cycle.srcs/sources_1/new/regfile.sv:23]
INFO: [Synth 8-6157] synthesizing module 'mux2__parameterized0' [D:/code_writing/ICS_2nd_semester/MIPS_Sinlge_cycle/MIPS_Sinlge_cycle.srcs/sources_1/new/mux2.sv:23]
	Parameter WIDTH bound to: 5 - type: integer 
INFO: [Synth 8-6155] done synthesizing module 'mux2__parameterized0' (8#1) [D:/code_writing/ICS_2nd_semester/MIPS_Sinlge_cycle/MIPS_Sinlge_cycle.srcs/sources_1/new/mux2.sv:23]
INFO: [Synth 8-6157] synthesizing module 'signext' [D:/code_writing/ICS_2nd_semester/MIPS_Sinlge_cycle/MIPS_Sinlge_cycle.srcs/sources_1/new/signext.sv:23]
INFO: [Synth 8-6155] done synthesizing module 'signext' (9#1) [D:/code_writing/ICS_2nd_semester/MIPS_Sinlge_cycle/MIPS_Sinlge_cycle.srcs/sources_1/new/signext.sv:23]
INFO: [Synth 8-6157] synthesizing module 'alu' [D:/code_writing/ICS_2nd_semester/MIPS_Sinlge_cycle/MIPS_Sinlge_cycle.srcs/sources_1/new/alu.sv:23]
INFO: [Synth 8-226] default block is never used [D:/code_writing/ICS_2nd_semester/MIPS_Sinlge_cycle/MIPS_Sinlge_cycle.srcs/sources_1/new/alu.sv:31]
INFO: [Synth 8-6155] done synthesizing module 'alu' (10#1) [D:/code_writing/ICS_2nd_semester/MIPS_Sinlge_cycle/MIPS_Sinlge_cycle.srcs/sources_1/new/alu.sv:23]
INFO: [Synth 8-6155] done synthesizing module 'datapath' (11#1) [D:/code_writing/ICS_2nd_semester/MIPS_Sinlge_cycle/MIPS_Sinlge_cycle.srcs/sources_1/new/datapath.sv:23]
INFO: [Synth 8-6155] done synthesizing module 'mips' (12#1) [D:/code_writing/ICS_2nd_semester/MIPS_Sinlge_cycle/MIPS_Sinlge_cycle.srcs/sources_1/new/mips.sv:23]
WARNING: [Synth 8-3331] design sl2 has unconnected port a[31]
WARNING: [Synth 8-3331] design sl2 has unconnected port a[30]
WARNING: [Synth 8-3331] design datapath has unconnected port instr[31]
WARNING: [Synth 8-3331] design datapath has unconnected port instr[30]
WARNING: [Synth 8-3331] design datapath has unconnected port instr[29]
WARNING: [Synth 8-3331] design datapath has unconnected port instr[28]
WARNING: [Synth 8-3331] design datapath has unconnected port instr[27]
WARNING: [Synth 8-3331] design datapath has unconnected port instr[26]
---------------------------------------------------------------------------------
Finished Synthesize : Time (s): cpu = 00:00:04 ; elapsed = 00:00:04 . Memory (MB): peak = 647.461 ; gain = 316.172
---------------------------------------------------------------------------------
---------------------------------------------------------------------------------
Finished Constraint Validation : Time (s): cpu = 00:00:04 ; elapsed = 00:00:04 . Memory (MB): peak = 647.461 ; gain = 316.172
---------------------------------------------------------------------------------
---------------------------------------------------------------------------------
Start Loading Part and Timing Information
---------------------------------------------------------------------------------
Loading part: xc7a100tcsg324-1
---------------------------------------------------------------------------------
Finished Loading Part and Timing Information : Time (s): cpu = 00:00:04 ; elapsed = 00:00:04 . Memory (MB): peak = 647.461 ; gain = 316.172
---------------------------------------------------------------------------------
INFO: [Device 21-403] Loading part xc7a100tcsg324-1
---------------------------------------------------------------------------------
Finished RTL Optimization Phase 2 : Time (s): cpu = 00:00:04 ; elapsed = 00:00:04 . Memory (MB): peak = 647.461 ; gain = 316.172
---------------------------------------------------------------------------------

Report RTL Partitions: 
+-+--------------+------------+----------+
| |RTL Partition |Replication |Instances |
+-+--------------+------------+----------+
+-+--------------+------------+----------+
No constraint files found.
---------------------------------------------------------------------------------
Start RTL Component Statistics 
---------------------------------------------------------------------------------
Detailed RTL Component Info : 
+---Adders : 
	   2 Input     32 Bit       Adders := 3     
	   3 Input     32 Bit       Adders := 1     
+---Registers : 
	               32 Bit    Registers := 1     
+---Muxes : 
	   2 Input     32 Bit        Muxes := 6     
	   7 Input      7 Bit        Muxes := 1     
	   2 Input      5 Bit        Muxes := 1     
	   8 Input      3 Bit        Muxes := 1     
---------------------------------------------------------------------------------
Finished RTL Component Statistics 
---------------------------------------------------------------------------------
---------------------------------------------------------------------------------
Start RTL Hierarchical Component Statistics 
---------------------------------------------------------------------------------
Hierarchical RTL Component report 
Module maindec 
Detailed RTL Component Info : 
+---Muxes : 
	   7 Input      7 Bit        Muxes := 1     
Module aludec 
Detailed RTL Component Info : 
+---Muxes : 
	   8 Input      3 Bit        Muxes := 1     
Module flopr 
Detailed RTL Component Info : 
+---Registers : 
	               32 Bit    Registers := 1     
Module adder 
Detailed RTL Component Info : 
+---Adders : 
	   2 Input     32 Bit       Adders := 1     
Module mux2 
Detailed RTL Component Info : 
+---Muxes : 
	   2 Input     32 Bit        Muxes := 1     
Module regfile 
Detailed RTL Component Info : 
+---Muxes : 
	   2 Input     32 Bit        Muxes := 2     
Module mux2__parameterized0 
Detailed RTL Component Info : 
+---Muxes : 
	   2 Input      5 Bit        Muxes := 1     
Module alu 
Detailed RTL Component Info : 
+---Adders : 
	   2 Input     32 Bit       Adders := 1     
	   3 Input     32 Bit       Adders := 1     
---------------------------------------------------------------------------------
Finished RTL Hierarchical Component Statistics
---------------------------------------------------------------------------------
---------------------------------------------------------------------------------
Start Part Resource Summary
---------------------------------------------------------------------------------
Part Resources:
DSPs: 240 (col length:80)
BRAMs: 270 (col length: RAMB18 80 RAMB36 40)
---------------------------------------------------------------------------------
Finished Part Resource Summary
---------------------------------------------------------------------------------
No constraint files found.
---------------------------------------------------------------------------------
Start Cross Boundary and Area Optimization
---------------------------------------------------------------------------------
Warning: Parallel synthesis criteria is not met 
---------------------------------------------------------------------------------
Finished Cross Boundary and Area Optimization : Time (s): cpu = 00:00:08 ; elapsed = 00:00:08 . Memory (MB): peak = 842.516 ; gain = 511.227
---------------------------------------------------------------------------------
---------------------------------------------------------------------------------
Start ROM, RAM, DSP and Shift Register Reporting
---------------------------------------------------------------------------------

Distributed RAM: Preliminary Mapping	Report (see note below)
+------------+--------------+-----------+----------------------+--------------+
|Module Name | RTL Object   | Inference | Size (Depth x Width) | Primitives   | 
+------------+--------------+-----------+----------------------+--------------+
|mips        | dp/rf/rf_reg | Implied   | 32 x 32              | RAM32M x 12	 | 
+------------+--------------+-----------+----------------------+--------------+

Note: The table above is a preliminary report that shows the Distributed RAMs at the current stage of the synthesis flow. Some Distributed RAMs may be reimplemented as non Distributed RAM primitives later in the synthesis flow. Multiple instantiated RAMs are reported only once.
---------------------------------------------------------------------------------
Finished ROM, RAM, DSP and Shift Register Reporting
---------------------------------------------------------------------------------

Report RTL Partitions: 
+-+--------------+------------+----------+
| |RTL Partition |Replication |Instances |
+-+--------------+------------+----------+
+-+--------------+------------+----------+
No constraint files found.
---------------------------------------------------------------------------------
Start Timing Optimization
---------------------------------------------------------------------------------
---------------------------------------------------------------------------------
Finished Timing Optimization : Time (s): cpu = 00:00:08 ; elapsed = 00:00:08 . Memory (MB): peak = 843.395 ; gain = 512.105
---------------------------------------------------------------------------------
---------------------------------------------------------------------------------
Start ROM, RAM, DSP and Shift Register Reporting
---------------------------------------------------------------------------------

Distributed RAM: Final Mapping	Report
+------------+--------------+-----------+----------------------+--------------+
|Module Name | RTL Object   | Inference | Size (Depth x Width) | Primitives   | 
+------------+--------------+-----------+----------------------+--------------+
|mips        | dp/rf/rf_reg | Implied   | 32 x 32              | RAM32M x 12	 | 
+------------+--------------+-----------+----------------------+--------------+

---------------------------------------------------------------------------------
Finished ROM, RAM, DSP and Shift Register Reporting
---------------------------------------------------------------------------------

Report RTL Partitions: 
+-+--------------+------------+----------+
| |RTL Partition |Replication |Instances |
+-+--------------+------------+----------+
+-+--------------+------------+----------+
---------------------------------------------------------------------------------
Start Technology Mapping
---------------------------------------------------------------------------------
---------------------------------------------------------------------------------
Finished Technology Mapping : Time (s): cpu = 00:00:08 ; elapsed = 00:00:08 . Memory (MB): peak = 843.395 ; gain = 512.105
---------------------------------------------------------------------------------

Report RTL Partitions: 
+-+--------------+------------+----------+
| |RTL Partition |Replication |Instances |
+-+--------------+------------+----------+
+-+--------------+------------+----------+
---------------------------------------------------------------------------------
Start IO Insertion
---------------------------------------------------------------------------------
---------------------------------------------------------------------------------
Start Flattening Before IO Insertion
---------------------------------------------------------------------------------
---------------------------------------------------------------------------------
Finished Flattening Before IO Insertion
---------------------------------------------------------------------------------
---------------------------------------------------------------------------------
Start Final Netlist Cleanup
---------------------------------------------------------------------------------
---------------------------------------------------------------------------------
Finished Final Netlist Cleanup
---------------------------------------------------------------------------------
---------------------------------------------------------------------------------
Finished IO Insertion : Time (s): cpu = 00:00:11 ; elapsed = 00:00:11 . Memory (MB): peak = 843.406 ; gain = 512.117
---------------------------------------------------------------------------------
---------------------------------------------------------------------------------
Start Renaming Generated Instances
---------------------------------------------------------------------------------
---------------------------------------------------------------------------------
Finished Renaming Generated Instances : Time (s): cpu = 00:00:11 ; elapsed = 00:00:11 . Memory (MB): peak = 843.406 ; gain = 512.117
---------------------------------------------------------------------------------

Report RTL Partitions: 
+-+--------------+------------+----------+
| |RTL Partition |Replication |Instances |
+-+--------------+------------+----------+
+-+--------------+------------+----------+

Report Check Netlist: 
+------+------------------+-------+---------+-------+------------------+
|      |Item              |Errors |Warnings |Status |Description       |
+------+------------------+-------+---------+-------+------------------+
|1     |multi_driven_nets |      0|        0|Passed |Multi driven nets |
+------+------------------+-------+---------+-------+------------------+
---------------------------------------------------------------------------------
Start Rebuilding User Hierarchy
---------------------------------------------------------------------------------
---------------------------------------------------------------------------------
Finished Rebuilding User Hierarchy : Time (s): cpu = 00:00:11 ; elapsed = 00:00:11 . Memory (MB): peak = 843.406 ; gain = 512.117
---------------------------------------------------------------------------------
---------------------------------------------------------------------------------
Start Renaming Generated Ports
---------------------------------------------------------------------------------
---------------------------------------------------------------------------------
Finished Renaming Generated Ports : Time (s): cpu = 00:00:11 ; elapsed = 00:00:11 . Memory (MB): peak = 843.406 ; gain = 512.117
---------------------------------------------------------------------------------
---------------------------------------------------------------------------------
Start Handling Custom Attributes
---------------------------------------------------------------------------------
---------------------------------------------------------------------------------
Finished Handling Custom Attributes : Time (s): cpu = 00:00:11 ; elapsed = 00:00:11 . Memory (MB): peak = 843.406 ; gain = 512.117
---------------------------------------------------------------------------------
---------------------------------------------------------------------------------
Start Renaming Generated Nets
---------------------------------------------------------------------------------
---------------------------------------------------------------------------------
Finished Renaming Generated Nets : Time (s): cpu = 00:00:11 ; elapsed = 00:00:11 . Memory (MB): peak = 843.406 ; gain = 512.117
---------------------------------------------------------------------------------
---------------------------------------------------------------------------------
Start Writing Synthesis Report
---------------------------------------------------------------------------------

Report BlackBoxes: 
+-+--------------+----------+
| |BlackBox name |Instances |
+-+--------------+----------+
+-+--------------+----------+

Report Cell Usage: 
+------+-------+------+
|      |Cell   |Count |
+------+-------+------+
|1     |BUFG   |     1|
|2     |CARRY4 |    36|
|3     |LUT1   |     1|
|4     |LUT2   |     2|
|5     |LUT3   |     2|
|6     |LUT4   |    69|
|7     |LUT5   |    96|
|8     |LUT6   |   230|
|9     |MUXF7  |     1|
|10    |RAM32M |    12|
|11    |FDCE   |    31|
|12    |IBUF   |    65|
|13    |OBUF   |    97|
+------+-------+------+

Report Instance Areas: 
+------+-----------+---------+------+
|      |Instance   |Module   |Cells |
+------+-----------+---------+------+
|1     |top        |         |   643|
|2     |  dp       |datapath |   479|
|3     |    alu    |alu      |   127|
|4     |    pcadd1 |adder    |    12|
|5     |    pcadd2 |adder_0  |    35|
|6     |    pcreg  |flopr    |    32|
|7     |    rf     |regfile  |   273|
+------+-----------+---------+------+
---------------------------------------------------------------------------------
Finished Writing Synthesis Report : Time (s): cpu = 00:00:11 ; elapsed = 00:00:11 . Memory (MB): peak = 843.406 ; gain = 512.117
---------------------------------------------------------------------------------
Synthesis finished with 0 errors, 0 critical warnings and 8 warnings.
Synthesis Optimization Runtime : Time (s): cpu = 00:00:11 ; elapsed = 00:00:11 . Memory (MB): peak = 843.406 ; gain = 512.117
Synthesis Optimization Complete : Time (s): cpu = 00:00:11 ; elapsed = 00:00:11 . Memory (MB): peak = 843.406 ; gain = 512.117
INFO: [Project 1-571] Translating synthesized netlist
Netlist sorting complete. Time (s): cpu = 00:00:00 ; elapsed = 00:00:00.012 . Memory (MB): peak = 855.480 ; gain = 0.000
INFO: [Netlist 29-17] Analyzing 49 Unisim elements for replacement
INFO: [Netlist 29-28] Unisim Transformation completed in 0 CPU seconds
INFO: [Project 1-570] Preparing netlist for logic optimization
INFO: [Opt 31-138] Pushed 0 inverter(s) to 0 load pin(s).
Netlist sorting complete. Time (s): cpu = 00:00:00 ; elapsed = 00:00:00 . Memory (MB): peak = 930.844 ; gain = 0.000
INFO: [Project 1-111] Unisim Transformation Summary:
  A total of 12 instances were transformed.
  RAM32M => RAM32M (RAMD32(x6), RAMS32(x2)): 12 instances

INFO: [Common 17-83] Releasing license: Synthesis
36 Infos, 8 Warnings, 0 Critical Warnings and 0 Errors encountered.
synth_design completed successfully
synth_design: Time (s): cpu = 00:00:13 ; elapsed = 00:00:14 . Memory (MB): peak = 930.844 ; gain = 624.410
Netlist sorting complete. Time (s): cpu = 00:00:00 ; elapsed = 00:00:00 . Memory (MB): peak = 930.844 ; gain = 0.000
WARNING: [Constraints 18-5210] No constraints selected for write.
Resolution: This message can indicate that there are no constraints for the design, or it can indicate that the used_in flags are set such that the constraints are ignored. This later case is used when running synth_design to not write synthesis constraints to the resulting checkpoint. Instead, project constraints are read when the synthesized design is opened.
INFO: [Common 17-1381] The checkpoint 'D:/code_writing/ICS_2nd_semester/MIPS_Sinlge_cycle/MIPS_Sinlge_cycle.runs/synth_1/mips.dcp' has been generated.
INFO: [runtcl-4] Executing : report_utilization -file mips_utilization_synth.rpt -pb mips_utilization_synth.pb
INFO: [Common 17-206] Exiting Vivado at Sun Mar  5 10:33:09 2023...
