INFO: [VRFC 10-2263] Analyzing SystemVerilog file "D:/code_writing/ICS_2nd_semester/MIPS_Single_cycle_modified/MIPS_Single_cycle_modified.srcs/sources_1/imports/new/adder.sv" into library xil_defaultlib
INFO: [VRFC 10-311] analyzing module adder
INFO: [VRFC 10-2263] Analyzing SystemVerilog file "D:/code_writing/ICS_2nd_semester/MIPS_Single_cycle_modified/MIPS_Single_cycle_modified.srcs/sources_1/imports/new/alu.sv" into library xil_defaultlib
INFO: [VRFC 10-311] analyzing module alu
INFO: [VRFC 10-2263] Analyzing SystemVerilog file "D:/code_writing/ICS_2nd_semester/MIPS_Single_cycle_modified/MIPS_Single_cycle_modified.srcs/sources_1/imports/new/aludec.sv" into library xil_defaultlib
INFO: [VRFC 10-311] analyzing module aludec
INFO: [VRFC 10-2263] Analyzing SystemVerilog file "D:/code_writing/ICS_2nd_semester/MIPS_Single_cycle_modified/MIPS_Single_cycle_modified.srcs/sources_1/imports/new/controller.sv" into library xil_defaultlib
INFO: [VRFC 10-311] analyzing module controller
INFO: [VRFC 10-2263] Analyzing SystemVerilog file "D:/code_writing/ICS_2nd_semester/MIPS_Single_cycle_modified/MIPS_Single_cycle_modified.srcs/sources_1/imports/new/datapath.sv" into library xil_defaultlib
INFO: [VRFC 10-311] analyzing module datapath
INFO: [VRFC 10-2263] Analyzing SystemVerilog file "D:/code_writing/ICS_2nd_semester/MIPS_Single_cycle_modified/MIPS_Single_cycle_modified.srcs/sim_1/imports/new/dmem.sv" into library xil_defaultlib
INFO: [VRFC 10-311] analyzing module dmem
INFO: [VRFC 10-2263] Analyzing SystemVerilog file "D:/code_writing/ICS_2nd_semester/MIPS_Single_cycle_modified/MIPS_Single_cycle_modified.srcs/sources_1/imports/new/flopr.sv" into library xil_defaultlib
INFO: [VRFC 10-311] analyzing module flopr
INFO: [VRFC 10-2263] Analyzing SystemVerilog file "D:/code_writing/ICS_2nd_semester/MIPS_Single_cycle_modified/MIPS_Single_cycle_modified.srcs/sim_1/imports/new/imem.sv" into library xil_defaultlib
INFO: [VRFC 10-311] analyzing module imem
INFO: [VRFC 10-2263] Analyzing SystemVerilog file "D:/code_writing/ICS_2nd_semester/MIPS_Single_cycle_modified/MIPS_Single_cycle_modified.srcs/sources_1/imports/new/maindec.sv" into library xil_defaultlib
INFO: [VRFC 10-311] analyzing module maindec
INFO: [VRFC 10-2263] Analyzing SystemVerilog file "D:/code_writing/ICS_2nd_semester/MIPS_Single_cycle_modified/MIPS_Single_cycle_modified.srcs/sources_1/imports/new/mips.sv" into library xil_defaultlib
INFO: [VRFC 10-311] analyzing module mips
INFO: [VRFC 10-2263] Analyzing SystemVerilog file "D:/code_writing/ICS_2nd_semester/MIPS_Single_cycle_modified/MIPS_Single_cycle_modified.srcs/sources_1/imports/new/mux2.sv" into library xil_defaultlib
INFO: [VRFC 10-311] analyzing module mux2
INFO: [VRFC 10-2263] Analyzing SystemVerilog file "D:/code_writing/ICS_2nd_semester/MIPS_Single_cycle_modified/MIPS_Single_cycle_modified.srcs/sources_1/imports/new/regfile.sv" into library xil_defaultlib
INFO: [VRFC 10-311] analyzing module regfile
INFO: [VRFC 10-2263] Analyzing SystemVerilog file "D:/code_writing/ICS_2nd_semester/MIPS_Single_cycle_modified/MIPS_Single_cycle_modified.srcs/sources_1/imports/new/signext.sv" into library xil_defaultlib
INFO: [VRFC 10-311] analyzing module signext
INFO: [VRFC 10-2263] Analyzing SystemVerilog file "D:/code_writing/ICS_2nd_semester/MIPS_Single_cycle_modified/MIPS_Single_cycle_modified.srcs/sources_1/imports/new/sl2.sv" into library xil_defaultlib
INFO: [VRFC 10-311] analyzing module sl2
INFO: [VRFC 10-2263] Analyzing SystemVerilog file "D:/code_writing/ICS_2nd_semester/MIPS_Single_cycle_modified/MIPS_Single_cycle_modified.srcs/sim_1/imports/new/top.sv" into library xil_defaultlib
INFO: [VRFC 10-311] analyzing module top
INFO: [VRFC 10-2263] Analyzing SystemVerilog file "D:/code_writing/ICS_2nd_semester/MIPS_Single_cycle_modified/MIPS_Single_cycle_modified.srcs/sources_1/new/zeroext.sv" into library xil_defaultlib
INFO: [VRFC 10-311] analyzing module zeroext
INFO: [VRFC 10-2263] Analyzing SystemVerilog file "D:/code_writing/ICS_2nd_semester/MIPS_Single_cycle_modified/MIPS_Single_cycle_modified.srcs/sim_1/imports/new/testbench.sv" into library xil_defaultlib
INFO: [VRFC 10-311] analyzing module testbench
