Copyright 1986-2019 Xilinx, Inc. All Rights Reserved.
------------------------------------------------------------------------------------
| Tool Version : Vivado v.2019.2 (win64) Build 2708876 Wed Nov  6 21:40:23 MST 2019
| Date         : Mon Mar 13 10:09:47 2023
| Host         : LAPTOP-VAJAUFA5 running 64-bit major release  (build 9200)
| Command      : report_control_sets -verbose -file Top_control_sets_placed.rpt
| Design       : Top
| Device       : xc7a100t
------------------------------------------------------------------------------------

Control Set Information

Table of Contents
-----------------
1. Summary
2. Histogram
3. Flip-Flop Distribution
4. Detailed Control Set Information

1. Summary
----------

+----------------------------------------------------------+-------+
|                          Status                          | Count |
+----------------------------------------------------------+-------+
| Total control sets                                       |     9 |
|    Minimum number of control sets                        |     9 |
|    Addition due to synthesis replication                 |     0 |
|    Addition due to physical synthesis replication        |     0 |
| Unused register locations in slices containing registers |    37 |
+----------------------------------------------------------+-------+
* Control sets can be merged at opt_design using control_set_merge or merge_equivalent_drivers
** Run report_qor_suggestions for automated merging and remapping suggestions


2. Histogram
------------

+--------------------+-------+
|       Fanout       | Count |
+--------------------+-------+
| Total control sets |     9 |
| >= 0 to < 4        |     2 |
| >= 4 to < 6        |     0 |
| >= 6 to < 8        |     0 |
| >= 8 to < 10       |     0 |
| >= 10 to < 12      |     1 |
| >= 12 to < 14      |     2 |
| >= 14 to < 16      |     0 |
| >= 16              |     4 |
+--------------------+-------+
* Control sets can be remapped at either synth_design or opt_design


3. Flip-Flop Distribution
-------------------------

+--------------+-----------------------+------------------------+-----------------+--------------+
| Clock Enable | Synchronous Set/Reset | Asynchronous Set/Reset | Total Registers | Total Slices |
+--------------+-----------------------+------------------------+-----------------+--------------+
| No           | No                    | No                     |              13 |            5 |
| No           | No                    | Yes                    |               5 |            3 |
| No           | Yes                   | No                     |              15 |            8 |
| Yes          | No                    | No                     |              12 |            4 |
| Yes          | No                    | Yes                    |               0 |            0 |
| Yes          | Yes                   | No                     |              30 |           14 |
+--------------+-----------------------+------------------------+-----------------+--------------+


4. Detailed Control Set Information
-----------------------------------

+----------------------+-----------------------------+---------------------+------------------+----------------+
|     Clock Signal     |        Enable Signal        |   Set/Reset Signal  | Slice Load Count | Bel Load Count |
+----------------------+-----------------------------+---------------------+------------------+----------------+
|  clk_BUFG            | BTNR_IBUF                   | mips/dp/pcreg/SR[0] |                1 |              1 |
|  clk_BUFG            |                             |                     |                2 |              3 |
|  clk100mhz_IBUF_BUFG |                             |                     |                3 |             10 |
|  clk_BUFG            | mips/dp/pcreg/q_reg[4]_2[0] | BTNC_IBUF           |                4 |             12 |
|  clk_BUFG            | dmd/io/p_2_out[3]           |                     |                4 |             12 |
|  clk_BUFG            | BTNL_IBUF                   | BTNC_IBUF           |                9 |             17 |
|  clk_BUFG            |                             | BTNC_IBUF           |               11 |             20 |
|  clk_BUFG            | mips/dp/pcreg/memwe         |                     |                8 |             32 |
|  clk_BUFG            | mips/dp/pcreg/q_reg[4]_5    |                     |               12 |             96 |
+----------------------+-----------------------------+---------------------+------------------+----------------+


